<?xml version="1.0" encoding="UTF-8"?>
<!-- Generated by org.testng.reporters.JUnitReportReporter -->
<testsuite hostname="DESKTOP-55BVUSQ" failures="0" tests="8" name="HttpRequests.AllHttpRequestsCombinedTest" time="6.690" errors="0" timestamp="2025-06-12T22:41:32 IST" skipped="0">
  <testcase classname="HttpRequests.AllHttpRequestsCombinedTest" name="UserTest_Post" time="3.205"/>
  <testcase classname="HttpRequests.AllHttpRequestsCombinedTest" name="UserTest_Get" time="0.518"/>
  <testcase classname="HttpRequests.AllHttpRequestsCombinedTest" name="UserTest_Put" time="0.462"/>
  <testcase classname="HttpRequests.AllHttpRequestsCombinedTest" name="UserTest_Delete" time="0.532"/>
  <testcase classname="HttpRequests.AllHttpRequestsCombinedTest" name="createUserDataDriven" time="0.543"/>
  <testcase classname="HttpRequests.AllHttpRequestsCombinedTest" name="createUserDataDriven" time="0.481"/>
  <testcase classname="HttpRequests.AllHttpRequestsCombinedTest" name="createUserDataDriven" time="0.459"/>
  <testcase classname="HttpRequests.AllHttpRequestsCombinedTest" name="responseTimeValidation" time="0.490"/>
</testsuite> <!-- HttpRequests.AllHttpRequestsCombinedTest -->
