<?xml version="1.0" encoding="UTF-8"?>
<!-- Generated by org.testng.reporters.JUnitReportReporter -->
<testsuite hostname="DESKTOP-55BVUSQ" failures="0" tests="1" name="HttpRequests.CreatingUser_Post" time="4.476" errors="0" timestamp="2025-06-12T18:51:47 IST" skipped="0">
  <testcase classname="HttpRequests.CreatingUser_Post" name="createUserTest" time="4.476"/>
</testsuite> <!-- HttpRequests.CreatingUser_Post -->
